Building DAG of jobs...
MissingInputException in line 40 of /Users/chriskent/primer_rebalance_SM/workflow/Snakefile:
Missing input files for rule coverage:
barcode87.primertrimmed.rg
barcode93
barcode85
barcode83.trimmed.rg
barcode90
barcode92.primertrimmed.rg
barcode90.trimmed.rg
barcode81.primertrimmed.rg
barcode87.trimmed.rg
barcode86.trimmed.rg
barcode92.trimmed.rg
barcode82.trimmed.rg
barcode94.trimmed.rg
barcode91.trimmed.rg
barcode94
barcode84
barcode81.trimmed.rg
barcode89.primertrimmed.rg
barcode88
barcode89
barcode89.trimmed.rg
barcode91.primertrimmed.rg
barcode87
barcode90.primertrimmed.rg
barcode84.trimmed.rg
barcode86.primertrimmed.rg
barcode82.primertrimmed.rg
barcode82
barcode88.trimmed.rg
barcode85.primertrimmed.rg
barcode95.primertrimmed.rg
barcode81
barcode95.trimmed.rg
barcode93.primertrimmed.rg
barcode93.trimmed.rg
barcode88.primertrimmed.rg
barcode91
barcode94.primertrimmed.rg
barcode83
barcode85.trimmed.rg
barcode84.primertrimmed.rg
barcode83.primertrimmed.rg
barcode95
barcode92
barcode86
