Building DAG of jobs...
MissingInputException in line 31 of /Users/chriskent/primer_rebalance_SM/workflow/Snakefile:
Missing input files for rule coverage:
V5_run_barcode95.primertrimmed.rg
V5_run_barcode87.trimmed.rg
V5_run_barcode95.trimmed.rg
V5_run_barcode88.primertrimmed.rg
V5_run_barcode81.trimmed.rg
V5_run_barcode82.trimmed.rg
V5_run_barcode84.primertrimmed.rg
V5_run_barcode83.trimmed.rg
V5_run_barcode87
V5_run_barcode89.primertrimmed.rg
V5_run_barcode91.primertrimmed.rg
V5_run_barcode88.trimmed.rg
V5_run_barcode83
V5_run_barcode87.primertrimmed.rg
V5_run_barcode86
V5_run_barcode82
V5_run_barcode84
V5_run_barcode93.trimmed.rg
V5_run_barcode94.trimmed.rg
V5_run_barcode89.trimmed.rg
V5_run_barcode89
V5_run_barcode90.trimmed.rg
V5_run_barcode86.primertrimmed.rg
V5_run_barcode92.trimmed.rg
V5_run_barcode90
V5_run_barcode92.primertrimmed.rg
V5_run_barcode86.trimmed.rg
V5_run_barcode93.primertrimmed.rg
V5_run_barcode93
V5_run_barcode83.primertrimmed.rg
V5_run_barcode91
V5_run_barcode90.primertrimmed.rg
V5_run_barcode94.primertrimmed.rg
V5_run_barcode94
V5_run_barcode81
V5_run_barcode84.trimmed.rg
V5_run_barcode85.primertrimmed.rg
V5_run_barcode81.primertrimmed.rg
V5_run_barcode85.trimmed.rg
V5_run_barcode82.primertrimmed.rg
V5_run_barcode85
V5_run_barcode92
V5_run_barcode95
V5_run_barcode91.trimmed.rg
V5_run_barcode88
