Building DAG of jobs...
Using shell: /bin/bash
Provided cores: 4
Rules claiming more threads will be scaled down.
Conda environments: ignored
Job stats:
job         count    min threads    max threads
--------  -------  -------------  -------------
all             1              1              1
coverage       15              1              1
total          16              1              1

Select jobs to execute...

[Tue Feb  1 11:47:31 2022]
rule coverage:
    input: /Volumes/ssd_open/sorted_bed/V5_run_barcode84.sorted.bam, results/amplicons.bed
    output: results/coverage/V5_run_barcode84.bed
    jobid: 5
    wildcards: barcode=V5_run_barcode84
    resources: tmpdir=/var/folders/tj/dbg1wcw533d_t688g3kljt1m0000gn/T


[Tue Feb  1 11:47:31 2022]
rule coverage:
    input: /Volumes/ssd_open/sorted_bed/V5_run_barcode85.sorted.bam, results/amplicons.bed
    output: results/coverage/V5_run_barcode85.bed
    jobid: 6
    wildcards: barcode=V5_run_barcode85
    resources: tmpdir=/var/folders/tj/dbg1wcw533d_t688g3kljt1m0000gn/T


[Tue Feb  1 11:47:31 2022]
rule coverage:
    input: /Volumes/ssd_open/sorted_bed/V5_run_barcode83.sorted.bam, results/amplicons.bed
    output: results/coverage/V5_run_barcode83.bed
    jobid: 4
    wildcards: barcode=V5_run_barcode83
    resources: tmpdir=/var/folders/tj/dbg1wcw533d_t688g3kljt1m0000gn/T


[Tue Feb  1 11:47:31 2022]
rule coverage:
    input: /Volumes/ssd_open/sorted_bed/V5_run_barcode86.sorted.bam, results/amplicons.bed
    output: results/coverage/V5_run_barcode86.bed
    jobid: 7
    wildcards: barcode=V5_run_barcode86
    resources: tmpdir=/var/folders/tj/dbg1wcw533d_t688g3kljt1m0000gn/T

[Tue Feb  1 11:47:31 2022]
Error in rule coverage:
    jobid: 5
    output: results/coverage/V5_run_barcode84.bed
    shell:
        bedtools coverage -a results/amplicons.bed -b /Volumes/ssd_open/sorted_bed/V5_run_barcode84.sorted.bam -f 0.5 > results/coverage/V5_run_barcode84.bed
        (one of the commands exited with non-zero exit code; note that snakemake uses bash strict mode!)

Removing output files of failed job coverage since they might be corrupted:
results/coverage/V5_run_barcode84.bed
[Tue Feb  1 11:47:31 2022]
Error in rule coverage:
    jobid: 6
    output: results/coverage/V5_run_barcode85.bed
    shell:
        bedtools coverage -a results/amplicons.bed -b /Volumes/ssd_open/sorted_bed/V5_run_barcode85.sorted.bam -f 0.5 > results/coverage/V5_run_barcode85.bed
        (one of the commands exited with non-zero exit code; note that snakemake uses bash strict mode!)

Removing output files of failed job coverage since they might be corrupted:
results/coverage/V5_run_barcode85.bed
[Tue Feb  1 11:47:31 2022]
Error in rule coverage:
    jobid: 4
    output: results/coverage/V5_run_barcode83.bed
    shell:
        bedtools coverage -a results/amplicons.bed -b /Volumes/ssd_open/sorted_bed/V5_run_barcode83.sorted.bam -f 0.5 > results/coverage/V5_run_barcode83.bed
        (one of the commands exited with non-zero exit code; note that snakemake uses bash strict mode!)

Removing output files of failed job coverage since they might be corrupted:
results/coverage/V5_run_barcode83.bed
[Tue Feb  1 11:47:31 2022]
Error in rule coverage:
    jobid: 7
    output: results/coverage/V5_run_barcode86.bed
    shell:
        bedtools coverage -a results/amplicons.bed -b /Volumes/ssd_open/sorted_bed/V5_run_barcode86.sorted.bam -f 0.5 > results/coverage/V5_run_barcode86.bed
        (one of the commands exited with non-zero exit code; note that snakemake uses bash strict mode!)

Removing output files of failed job coverage since they might be corrupted:
results/coverage/V5_run_barcode86.bed
Shutting down, this might take some time.
Exiting because a job execution failed. Look above for error message
Complete log: /Users/chriskent/primer_rebalance_SM/.snakemake/log/2022-02-01T114731.437078.snakemake.log
