Building DAG of jobs...
Using shell: /bin/bash
Provided cores: 4
Rules claiming more threads will be scaled down.
Conda environments: ignored
Job stats:
job          count    min threads    max threads
---------  -------  -------------  -------------
all              1              1              1
rebalance        1              1              1
total            2              1              1

Select jobs to execute...

[Tue Feb  1 12:42:11 2022]
rule rebalance:
    input: results/coverage/V5_run_barcode81.bed, results/coverage/V5_run_barcode82.bed, results/coverage/V5_run_barcode83.bed, results/coverage/V5_run_barcode84.bed, results/coverage/V5_run_barcode85.bed, results/coverage/V5_run_barcode86.bed, results/coverage/V5_run_barcode87.bed, results/coverage/V5_run_barcode88.bed, results/coverage/V5_run_barcode89.bed, results/coverage/V5_run_barcode90.bed, results/coverage/V5_run_barcode91.bed, results/coverage/V5_run_barcode92.bed, results/coverage/V5_run_barcode93.bed, results/coverage/V5_run_barcode94.bed, results/coverage/V5_run_barcode95.bed, results/amplicons.bed
    output: results/rebalanced.tsv
    jobid: 1
    resources: tmpdir=/var/folders/tj/dbg1wcw533d_t688g3kljt1m0000gn/T

[Tue Feb  1 12:42:15 2022]
Error in rule rebalance:
    jobid: 1
    output: results/rebalanced.tsv

RuleException:
CalledProcessError in line 52 of /Users/chriskent/primer_rebalance_SM/workflow/Snakefile:
Command 'set -euo pipefail;  Rscript --vanilla /Users/chriskent/primer_rebalance_SM/.snakemake/scripts/tmpttddbip8.primer_rebal.R' returned non-zero exit status 1.
  File "/Users/chriskent/primer_rebalance_SM/workflow/Snakefile", line 52, in __rule_rebalance
  File "/usr/local/anaconda3/envs/primer_rebalance/lib/python3.10/concurrent/futures/thread.py", line 58, in run
Removing output files of failed job rebalance since they might be corrupted:
results/rebalanced.tsv
Shutting down, this might take some time.
Exiting because a job execution failed. Look above for error message
Complete log: /Users/chriskent/primer_rebalance_SM/.snakemake/log/2022-02-01T124211.593578.snakemake.log
